<?xml version="1.0" encoding="UTF-8"?>
<testsuite xmlns:xsi="http://www.w3.org/2001/XMLSchema-instance" xsi:noNamespaceSchemaLocation="https://maven.apache.org/surefire/maven-surefire-plugin/xsd/surefire-test-report.xsd" version="3.0.2" name="com.example.acgforum.AcgForumApplicationTests" time="2.901" tests="1" errors="0" skipped="0" failures="0">
  <properties>
[...]
</properties>
  <testcase name="contextLoads" classname="com.example.acgforum.AcgForumApplicationTests" time="0.716">
    <system-out><![CDATA[08:09:40.375 [main] INFO org.springframework.test.context.support.AnnotationConfigContextLoaderUtils -- Could not detect default configuration classes for test class [com.example.acgforum.AcgForumApplicationTests]: AcgForumApplicationTests does not declare any static, non-private, non-final, nested classes annotated with @Configuration.
08:09:40.487 [main] INFO org.springframework.boot.test.context.SpringBootTestContextBootstrapper -- Found @SpringBootConfiguration com.example.acgforum.AcgForumApplication for test class com.example.acgforum.AcgForumApplicationTests

  .   ____          _            __ _ _
 /\\ / ___'_ __ _ _(_)_ __  __ _ \ \ \ \
( ( )\___ | '_ | '_| | '_ \/ _` | \ \ \ \
 \\/  ___)| |_)| | | | | || (_| |  ) ) ) )
  '  |____| .__|_| |_|_| |_\__, | / / / /
 =========|_|==============|___/=/_/_/_/

 :: Spring Boot ::                (v3.4.0)

2025-01-21T08:09:40.875+08:00  INFO 9360 --- [acgForum] [           main] c.e.acgforum.AcgForumApplicationTests    : Starting AcgForumApplicationTests using Java 23 with PID 9360 (started by locher in D:\WorkSpace\AcgForum\Backend)
2025-01-21T08:09:40.877+08:00  INFO 9360 --- [acgForum] [           main] c.e.acgforum.AcgForumApplicationTests    : No active profile set, falling back to 1 default profile: "default"
2025-01-21T08:09:42.405+08:00  INFO 9360 --- [acgForum] [           main] c.e.acgforum.AcgForumApplicationTests    : Started AcgForumApplicationTests in 1.795 seconds (process running for 2.946)
]]></system-out>
    <system-err><![CDATA[Mockito is currently self-attaching to enable the inline-mock-maker. This will no longer work in future releases of the JDK. Please add Mockito as an agent to your build what is described in Mockito's documentation: https://javadoc.io/doc/org.mockito/mockito-core/latest/org/mockito/Mockito.html#0.3
WARNING: A Java agent has been loaded dynamically (D:\maven_repository\net\bytebuddy\byte-buddy-agent\1.15.10\byte-buddy-agent-1.15.10.jar)
WARNING: If a serviceability tool is in use, please run with -XX:+EnableDynamicAgentLoading to hide this warning
WARNING: If a serviceability tool is not in use, please run with -Djdk.instrument.traceUsage for more information
WARNING: Dynamic loading of agents will be disallowed by default in a future release
]]></system-err>
  </testcase>
</testsuite>